<?xml version="1.0" encoding="UTF-8"?>
<testng-results ignored="0" total="2" passed="2" failed="0" skipped="0">
  <reporter-output>
  </reporter-output>
  <suite started-at="2022-07-31T22:31:40 IST" name="Default suite" finished-at="2022-07-31T22:32:17 IST" duration-ms="36318">
    <groups>
    </groups>
    <test started-at="2022-07-31T22:31:40 IST" name="Default test" finished-at="2022-07-31T22:32:17 IST" duration-ms="36318">
      <class name="seleniumfirst.TestsOnBrowserStatck">
        <test-method is-config="true" signature="setup()[pri:0, instance:seleniumfirst.TestsOnBrowserStatck@7ed7259e]" started-at="2022-07-31T22:31:40 IST" name="setup" finished-at="2022-07-31T22:31:58 IST" duration-ms="17939" status="PASS">
          <reporter-output>
          </reporter-output>
        </test-method> <!-- setup -->
        <test-method signature="getPageTitle()[pri:0, instance:seleniumfirst.TestsOnBrowserStatck@7ed7259e]" started-at="2022-07-31T22:31:58 IST" name="getPageTitle" finished-at="2022-07-31T22:32:00 IST" duration-ms="2088" status="PASS">
          <reporter-output>
          </reporter-output>
        </test-method> <!-- getPageTitle -->
        <test-method is-config="true" signature="setup()[pri:0, instance:seleniumfirst.TestsOnBrowserStatck@7ed7259e]" started-at="2022-07-31T22:32:00 IST" name="setup" finished-at="2022-07-31T22:32:15 IST" duration-ms="14932" status="PASS">
          <reporter-output>
          </reporter-output>
        </test-method> <!-- setup -->
        <test-method signature="tearDown()[pri:0, instance:seleniumfirst.TestsOnBrowserStatck@7ed7259e]" started-at="2022-07-31T22:32:15 IST" name="tearDown" finished-at="2022-07-31T22:32:16 IST" duration-ms="1267" status="PASS">
          <reporter-output>
          </reporter-output>
        </test-method> <!-- tearDown -->
      </class> <!-- seleniumfirst.TestsOnBrowserStatck -->
    </test> <!-- Default test -->
  </suite> <!-- Default suite -->
</testng-results>
