<?xml version="1.0" encoding="UTF-8"?>
<!-- Generated by org.testng.reporters.JUnitXMLReporter -->
<testsuite ignored="0" hostname="DESKTOP-R48QR24" failures="0" tests="3" name="Test" time="79.421" errors="0" timestamp="2022-07-10T02:16:24 IST">
  <testcase classname="TestNGPackage.NewTest" name="f" time="0.08"/>
  <testcase classname="TestNGPackage.FirstTestNG" name="verifyHomepageTitle" time="53.481"/>
  <testcase classname="TestNGPackage.SecondTestNG" name="verifyHomepageTitle" time="0.075"/>
</testsuite> <!-- Test -->
